<?xml version="1.0" encoding="UTF-8"?>
<testsuite xmlns:xsi="http://www.w3.org/2001/XMLSchema-instance" xsi:noNamespaceSchemaLocation="https://maven.apache.org/surefire/maven-surefire-plugin/xsd/surefire-test-report-3.0.xsd" version="3.0" name="test.SpringTxTest" time="1.71" tests="2" errors="0" skipped="0" failures="0">
  <properties>
[...]
</properties>
  <testcase name="testSpringTx" classname="test.SpringTxTest" time="1.584">
    <system-out><![CDATA[2024-04-30 16:27:39 434 [main] DEBUG org.springframework.context.support.ClassPathXmlApplicationContext - Refreshing org.springframework.context.support.ClassPathXmlApplicationContext@f627d13
2024-04-30 16:27:39 607 [main] DEBUG org.springframework.context.annotation.ClassPathBeanDefinitionScanner - Identified candidate component class: file [/Users/apple/Documents/ideaProjects/Spring/spring-013-tx-bank/target/classes/dao/impl/AccountDaoImpl.class]
2024-04-30 16:27:39 617 [main] DEBUG org.springframework.context.annotation.ClassPathBeanDefinitionScanner - Identified candidate component class: file [/Users/apple/Documents/ideaProjects/Spring/spring-013-tx-bank/target/classes/service/impl/AccountServiceImpl.class]
2024-04-30 16:27:39 617 [main] DEBUG org.springframework.context.annotation.ClassPathBeanDefinitionScanner - Identified candidate component class: file [/Users/apple/Documents/ideaProjects/Spring/spring-013-tx-bank/target/classes/service/impl/AccountServiceImpl2.class]
2024-04-30 16:27:39 640 [main] DEBUG org.springframework.beans.factory.xml.XmlBeanDefinitionReader - Loaded 16 bean definitions from class path resource [spring.xml]
2024-04-30 16:27:39 669 [main] DEBUG org.springframework.beans.factory.support.DefaultListableBeanFactory - Creating shared instance of singleton bean 'org.springframework.context.annotation.internalConfigurationAnnotationProcessor'
2024-04-30 16:27:39 716 [main] DEBUG org.springframework.beans.factory.support.DefaultListableBeanFactory - Creating shared instance of singleton bean 'org.springframework.context.event.internalEventListenerProcessor'
2024-04-30 16:27:39 718 [main] DEBUG org.springframework.beans.factory.support.DefaultListableBeanFactory - Creating shared instance of singleton bean 'org.springframework.context.event.internalEventListenerFactory'
2024-04-30 16:27:39 719 [main] DEBUG org.springframework.beans.factory.support.DefaultListableBeanFactory - Creating shared instance of singleton bean 'org.springframework.transaction.config.internalTransactionalEventListenerFactory'
2024-04-30 16:27:39 720 [main] DEBUG org.springframework.beans.factory.support.DefaultListableBeanFactory - Creating shared instance of singleton bean 'org.springframework.context.annotation.internalAutowiredAnnotationProcessor'
2024-04-30 16:27:39 721 [main] DEBUG org.springframework.beans.factory.support.DefaultListableBeanFactory - Creating shared instance of singleton bean 'org.springframework.context.annotation.internalCommonAnnotationProcessor'
2024-04-30 16:27:39 727 [main] DEBUG org.springframework.beans.factory.support.DefaultListableBeanFactory - Creating shared instance of singleton bean 'org.springframework.aop.config.internalAutoProxyCreator'
2024-04-30 16:27:39 764 [main] DEBUG org.springframework.beans.factory.support.DefaultListableBeanFactory - Creating shared instance of singleton bean 'accountDao'
2024-04-30 16:27:39 772 [main] DEBUG org.springframework.beans.factory.support.DefaultListableBeanFactory - Creating shared instance of singleton bean 'jdbcTemplate'
2024-04-30 16:27:39 785 [main] DEBUG org.springframework.beans.factory.support.DefaultListableBeanFactory - Creating shared instance of singleton bean 'dataSource'
2024-04-30 16:27:39 853 [main] DEBUG org.springframework.beans.factory.support.DefaultListableBeanFactory - Creating shared instance of singleton bean 'org.springframework.transaction.config.internalTransactionAdvisor'
2024-04-30 16:27:39 856 [main] DEBUG org.springframework.beans.factory.support.DefaultListableBeanFactory - Creating shared instance of singleton bean 'org.springframework.transaction.annotation.AnnotationTransactionAttributeSource#0'
2024-04-30 16:27:39 892 [main] DEBUG org.springframework.beans.factory.support.DefaultListableBeanFactory - Creating shared instance of singleton bean 'accountService'
2024-04-30 16:27:39 894 [main] DEBUG org.springframework.beans.factory.support.DefaultListableBeanFactory - Creating shared instance of singleton bean 'accountService2'
2024-04-30 16:27:39 901 [main] DEBUG org.springframework.beans.factory.support.DefaultListableBeanFactory - Creating shared instance of singleton bean 'txManager'
2024-04-30 16:27:39 905 [main] DEBUG org.springframework.beans.factory.support.DefaultListableBeanFactory - Creating shared instance of singleton bean 'org.springframework.transaction.interceptor.TransactionInterceptor#0'
2024-04-30 16:27:39 926 [main] DEBUG org.springframework.jdbc.datasource.DataSourceTransactionManager - Creating new transaction with name [service.impl.AccountServiceImpl.transfer]: PROPAGATION_REQUIRED,ISOLATION_DEFAULT
2024-04-30 16:27:39 951 [main] INFO com.alibaba.druid.pool.DruidDataSource - {dataSource-1} inited
2024-04-30 16:27:40 381 [main] DEBUG org.springframework.jdbc.datasource.DataSourceTransactionManager - Acquired Connection [com.alibaba.druid.pool.DruidStatementConnection@7dc51783] for JDBC transaction
2024-04-30 16:27:40 383 [main] DEBUG org.springframework.jdbc.datasource.DataSourceTransactionManager - Switching JDBC Connection [com.alibaba.druid.pool.DruidStatementConnection@7dc51783] to manual commit
2024-04-30 16:27:40 405 [main] DEBUG org.springframework.jdbc.core.JdbcTemplate - Executing prepared SQL query
2024-04-30 16:27:40 406 [main] DEBUG org.springframework.jdbc.core.JdbcTemplate - Executing prepared SQL statement [select * from t_act where actno = ?]
2024-04-30 16:27:40 419 [main] DEBUG org.springframework.jdbc.core.BeanPropertyRowMapper - Mapping column 'actno' to property 'actno' of type 'java.lang.String'
2024-04-30 16:27:40 421 [main] DEBUG org.springframework.jdbc.core.BeanPropertyRowMapper - Mapping column 'balance' to property 'balance' of type 'java.lang.Double'
2024-04-30 16:27:40 422 [main] DEBUG org.springframework.jdbc.core.JdbcTemplate - Executing prepared SQL query
2024-04-30 16:27:40 423 [main] DEBUG org.springframework.jdbc.core.JdbcTemplate - Executing prepared SQL statement [select * from t_act where actno = ?]
2024-04-30 16:27:40 424 [main] DEBUG org.springframework.jdbc.core.BeanPropertyRowMapper - Mapping column 'actno' to property 'actno' of type 'java.lang.String'
2024-04-30 16:27:40 424 [main] DEBUG org.springframework.jdbc.core.BeanPropertyRowMapper - Mapping column 'balance' to property 'balance' of type 'java.lang.Double'
2024-04-30 16:27:40 424 [main] DEBUG org.springframework.jdbc.core.JdbcTemplate - Executing prepared SQL update
2024-04-30 16:27:40 424 [main] DEBUG org.springframework.jdbc.core.JdbcTemplate - Executing prepared SQL statement [update t_act set balance = ? where actno = ?]
2024-04-30 16:27:40 428 [main] DEBUG org.springframework.jdbc.core.JdbcTemplate - Executing prepared SQL update
2024-04-30 16:27:40 428 [main] DEBUG org.springframework.jdbc.core.JdbcTemplate - Executing prepared SQL statement [update t_act set balance = ? where actno = ?]
2024-04-30 16:27:40 429 [main] DEBUG org.springframework.jdbc.datasource.DataSourceTransactionManager - Initiating transaction commit
2024-04-30 16:27:40 430 [main] DEBUG org.springframework.jdbc.datasource.DataSourceTransactionManager - Committing JDBC transaction on Connection [com.alibaba.druid.pool.DruidStatementConnection@7dc51783]
2024-04-30 16:27:40 434 [main] DEBUG org.springframework.jdbc.datasource.DataSourceTransactionManager - Releasing JDBC Connection [com.alibaba.druid.pool.DruidStatementConnection@7dc51783] after transaction
转账成功！！
]]></system-out>
  </testcase>
  <testcase name="testPropagation" classname="test.SpringTxTest" time="0.082">
    <system-out><![CDATA[2024-04-30 16:27:40 435 [main] DEBUG org.springframework.context.support.ClassPathXmlApplicationContext - Refreshing org.springframework.context.support.ClassPathXmlApplicationContext@5491f68b
2024-04-30 16:27:40 458 [main] DEBUG org.springframework.context.annotation.ClassPathBeanDefinitionScanner - Identified candidate component class: file [/Users/apple/Documents/ideaProjects/Spring/spring-013-tx-bank/target/classes/dao/impl/AccountDaoImpl.class]
2024-04-30 16:27:40 461 [main] DEBUG org.springframework.context.annotation.ClassPathBeanDefinitionScanner - Identified candidate component class: file [/Users/apple/Documents/ideaProjects/Spring/spring-013-tx-bank/target/classes/service/impl/AccountServiceImpl.class]
2024-04-30 16:27:40 461 [main] DEBUG org.springframework.context.annotation.ClassPathBeanDefinitionScanner - Identified candidate component class: file [/Users/apple/Documents/ideaProjects/Spring/spring-013-tx-bank/target/classes/service/impl/AccountServiceImpl2.class]
2024-04-30 16:27:40 462 [main] DEBUG org.springframework.beans.factory.xml.XmlBeanDefinitionReader - Loaded 16 bean definitions from class path resource [spring.xml]
2024-04-30 16:27:40 463 [main] DEBUG org.springframework.beans.factory.support.DefaultListableBeanFactory - Creating shared instance of singleton bean 'org.springframework.context.annotation.internalConfigurationAnnotationProcessor'
2024-04-30 16:27:40 469 [main] DEBUG org.springframework.beans.factory.support.DefaultListableBeanFactory - Creating shared instance of singleton bean 'org.springframework.context.event.internalEventListenerProcessor'
2024-04-30 16:27:40 469 [main] DEBUG org.springframework.beans.factory.support.DefaultListableBeanFactory - Creating shared instance of singleton bean 'org.springframework.context.event.internalEventListenerFactory'
2024-04-30 16:27:40 469 [main] DEBUG org.springframework.beans.factory.support.DefaultListableBeanFactory - Creating shared instance of singleton bean 'org.springframework.transaction.config.internalTransactionalEventListenerFactory'
2024-04-30 16:27:40 470 [main] DEBUG org.springframework.beans.factory.support.DefaultListableBeanFactory - Creating shared instance of singleton bean 'org.springframework.context.annotation.internalAutowiredAnnotationProcessor'
2024-04-30 16:27:40 470 [main] DEBUG org.springframework.beans.factory.support.DefaultListableBeanFactory - Creating shared instance of singleton bean 'org.springframework.context.annotation.internalCommonAnnotationProcessor'
2024-04-30 16:27:40 470 [main] DEBUG org.springframework.beans.factory.support.DefaultListableBeanFactory - Creating shared instance of singleton bean 'org.springframework.aop.config.internalAutoProxyCreator'
2024-04-30 16:27:40 472 [main] DEBUG org.springframework.beans.factory.support.DefaultListableBeanFactory - Creating shared instance of singleton bean 'accountDao'
2024-04-30 16:27:40 472 [main] DEBUG org.springframework.beans.factory.support.DefaultListableBeanFactory - Creating shared instance of singleton bean 'jdbcTemplate'
2024-04-30 16:27:40 473 [main] DEBUG org.springframework.beans.factory.support.DefaultListableBeanFactory - Creating shared instance of singleton bean 'dataSource'
2024-04-30 16:27:40 480 [main] DEBUG org.springframework.beans.factory.support.DefaultListableBeanFactory - Creating shared instance of singleton bean 'org.springframework.transaction.config.internalTransactionAdvisor'
2024-04-30 16:27:40 480 [main] DEBUG org.springframework.beans.factory.support.DefaultListableBeanFactory - Creating shared instance of singleton bean 'org.springframework.transaction.annotation.AnnotationTransactionAttributeSource#0'
2024-04-30 16:27:40 491 [main] DEBUG org.springframework.beans.factory.support.DefaultListableBeanFactory - Creating shared instance of singleton bean 'accountService'
2024-04-30 16:27:40 491 [main] DEBUG org.springframework.beans.factory.support.DefaultListableBeanFactory - Creating shared instance of singleton bean 'accountService2'
2024-04-30 16:27:40 492 [main] DEBUG org.springframework.beans.factory.support.DefaultListableBeanFactory - Creating shared instance of singleton bean 'txManager'
2024-04-30 16:27:40 492 [main] DEBUG org.springframework.beans.factory.support.DefaultListableBeanFactory - Creating shared instance of singleton bean 'org.springframework.transaction.interceptor.TransactionInterceptor#0'
2024-04-30 16:27:40 497 [main] DEBUG org.springframework.jdbc.datasource.DataSourceTransactionManager - Creating new transaction with name [service.impl.AccountServiceImpl.save]: PROPAGATION_REQUIRED,ISOLATION_DEFAULT
2024-04-30 16:27:40 497 [main] INFO com.alibaba.druid.pool.DruidDataSource - {dataSource-2} inited
2024-04-30 16:27:40 514 [main] DEBUG org.springframework.jdbc.datasource.DataSourceTransactionManager - Acquired Connection [com.alibaba.druid.pool.DruidStatementConnection@6ad5923a] for JDBC transaction
2024-04-30 16:27:40 514 [main] DEBUG org.springframework.jdbc.datasource.DataSourceTransactionManager - Switching JDBC Connection [com.alibaba.druid.pool.DruidStatementConnection@6ad5923a] to manual commit
2024-04-30 16:27:40 515 [main] DEBUG org.springframework.jdbc.core.JdbcTemplate - Executing prepared SQL update
2024-04-30 16:27:40 515 [main] DEBUG org.springframework.jdbc.core.JdbcTemplate - Executing prepared SQL statement [insert into t_act(actno,balance) values(?,?)]
2024-04-30 16:27:40 517 [main] DEBUG org.springframework.jdbc.datasource.DataSourceTransactionManager - Participating in existing transaction
2024-04-30 16:27:40 517 [main] DEBUG org.springframework.jdbc.core.JdbcTemplate - Executing prepared SQL update
2024-04-30 16:27:40 518 [main] DEBUG org.springframework.jdbc.core.JdbcTemplate - Executing prepared SQL statement [insert into t_act(actno,balance) values(?,?)]
2024-04-30 16:27:40 518 [main] DEBUG org.springframework.jdbc.datasource.DataSourceTransactionManager - Initiating transaction commit
2024-04-30 16:27:40 518 [main] DEBUG org.springframework.jdbc.datasource.DataSourceTransactionManager - Committing JDBC transaction on Connection [com.alibaba.druid.pool.DruidStatementConnection@6ad5923a]
2024-04-30 16:27:40 520 [main] DEBUG org.springframework.jdbc.datasource.DataSourceTransactionManager - Releasing JDBC Connection [com.alibaba.druid.pool.DruidStatementConnection@6ad5923a] after transaction
]]></system-out>
  </testcase>
</testsuite>